<?xml version="1.0" encoding="UTF-8"?>
<testng-results ignored="0" total="1" passed="1" failed="0" skipped="0">
  <reporter-output>
  </reporter-output>
  <suite started-at="2026-02-01T13:02:38 IST" name="Suite" finished-at="2026-02-01T13:02:48 IST" duration-ms="9688">
    <groups>
    </groups>
    <test started-at="2026-02-01T13:02:38 IST" name="Test" finished-at="2026-02-01T13:02:48 IST" duration-ms="9688">
      <class name="testCases.TC01_testsignin">
        <test-method is-config="true" signature="setUp()[pri:0, instance:testCases.TC01_testsignin@74fe5c40]" started-at="2026-02-01T13:02:38 IST" name="setUp" finished-at="2026-02-01T13:02:44 IST" duration-ms="6482" status="PASS">
          <reporter-output>
          </reporter-output>
        </test-method> <!-- setUp -->
        <test-method signature="verifySignUp()[pri:0, instance:testCases.TC01_testsignin@74fe5c40]" started-at="2026-02-01T13:02:44 IST" name="verifySignUp" finished-at="2026-02-01T13:02:47 IST" duration-ms="2797" status="PASS">
          <reporter-output>
          </reporter-output>
        </test-method> <!-- verifySignUp -->
        <test-method is-config="true" signature="tearDown()[pri:0, instance:testCases.TC01_testsignin@74fe5c40]" started-at="2026-02-01T13:02:47 IST" name="tearDown" finished-at="2026-02-01T13:02:48 IST" duration-ms="331" status="PASS">
          <reporter-output>
          </reporter-output>
        </test-method> <!-- tearDown -->
      </class> <!-- testCases.TC01_testsignin -->
    </test> <!-- Test -->
  </suite> <!-- Suite -->
</testng-results>
