<?xml version="1.0" encoding="UTF-8"?>
<testng-results ignored="0" total="1" passed="1" failed="0" skipped="0">
  <reporter-output>
  </reporter-output>
  <suite started-at="2026-02-01T11:43:37 IST" name="Suite" finished-at="2026-02-01T11:43:45 IST" duration-ms="8397">
    <groups>
    </groups>
    <test started-at="2026-02-01T11:43:37 IST" name="Test" finished-at="2026-02-01T11:43:45 IST" duration-ms="8397">
      <class name="testCases.TC01_testsignin">
        <test-method is-config="true" signature="setUp()[pri:0, instance:testCases.TC01_testsignin@1a677343]" started-at="2026-02-01T11:43:37 IST" name="setUp" finished-at="2026-02-01T11:43:43 IST" duration-ms="5958" status="PASS">
          <reporter-output>
          </reporter-output>
        </test-method> <!-- setUp -->
        <test-method signature="verifySignUp()[pri:0, instance:testCases.TC01_testsignin@1a677343]" started-at="2026-02-01T11:43:43 IST" name="verifySignUp" finished-at="2026-02-01T11:43:45 IST" duration-ms="2038" status="PASS">
          <reporter-output>
          </reporter-output>
        </test-method> <!-- verifySignUp -->
        <test-method is-config="true" signature="tearDown()[pri:0, instance:testCases.TC01_testsignin@1a677343]" started-at="2026-02-01T11:43:45 IST" name="tearDown" finished-at="2026-02-01T11:43:45 IST" duration-ms="333" status="PASS">
          <reporter-output>
          </reporter-output>
        </test-method> <!-- tearDown -->
      </class> <!-- testCases.TC01_testsignin -->
    </test> <!-- Test -->
  </suite> <!-- Suite -->
</testng-results>
